<?xml version="1.0" encoding="UTF-8"?>
<testsuite xmlns:xsi="http://www.w3.org/2001/XMLSchema-instance" xsi:noNamespaceSchemaLocation="https://maven.apache.org/surefire/maven-surefire-plugin/xsd/surefire-test-report.xsd" version="3.0.1" name="runner.Runner" time="19.81" tests="1" errors="1" skipped="0" failures="0">
  <properties>
[...]
</properties>
  <testcase name="Successfull Login" classname="Login Functionality" time="10.281">
    <error message="Cannot invoke &quot;net.serenitybdd.core.pages.WebElementFacade.sendKeys(java.lang.CharSequence[])&quot; because &quot;this.userName&quot; is null" type="java.lang.NullPointerException"><![CDATA[java.lang.NullPointerException: Cannot invoke "net.serenitybdd.core.pages.WebElementFacade.sendKeys(java.lang.CharSequence[])" because "this.userName" is null
	at pages.Login.sendData(Login.java:14)
	at pages.Login$ByteBuddy$gyiLnueb.sendData$accessor$xRDvxDTS(Unknown Source)
	at java.base/jdk.internal.reflect.NativeMethodAccessorImpl.invoke0(Native Method)
	at java.base/jdk.internal.reflect.NativeMethodAccessorImpl.invoke(NativeMethodAccessorImpl.java:77)
	at java.base/jdk.internal.reflect.DelegatingMethodAccessorImpl.invoke(DelegatingMethodAccessorImpl.java:43)
	at java.base/java.lang.reflect.Method.invoke(Method.java:568)
	at net.thucydides.core.steps.BaseMethodRunner.invokeMethod(BaseMethodRunner.java:18)
	at net.thucydides.core.steps.NormalMethodRunner.invokeMethodAndNotifyFailures(NormalMethodRunner.java:18)
	at net.thucydides.core.steps.StepInterceptor.runNormalMethod(StepInterceptor.java:425)
	at net.thucydides.core.steps.StepInterceptor.testStepResult(StepInterceptor.java:200)
	at net.thucydides.core.steps.StepInterceptor.intercept(StepInterceptor.java:93)
	at net.thucydides.core.steps.ProxyConfiguration$InterceptorDispatcher.intercept(ProxyConfiguration.java:51)
	at pages.Login$ByteBuddy$gyiLnueb.sendData(Unknown Source)
	at stepDefination.loginStepDefination.Enter_Creds(loginStepDefination.java:41)
	at ✽.Enter Creds(file:///C:/Users/Mayank%20Arora/eclipse-workspace/Serenity-bdd/src/test/resources/features/login.feature:8)
]]></error>
    <system-out><![CDATA[
@Login @Smoke
Scenario: Successfull Login        &amp#27;[90m# src/test/resources/features/login.feature:6&amp#27;[0m
  &amp#27;[32mGiven &amp#27;[0m&amp#27;[32mNavigate to &amp#27;[0m&amp#27;[32m&amp#27;[1mQA&amp#27;[0m&amp#27;[32m Application&amp#27;[0m &amp#27;[90m# stepDefination.loginStepDefination.launchApplication(java.lang.String)&amp#27;[0m
  &amp#27;[31mWhen &amp#27;[0m&amp#27;[31mEnter Creds&amp#27;[0m                 &amp#27;[90m# stepDefination.loginStepDefination.Enter_Creds()&amp#27;[0m
      &amp#27;[31mjava.lang.NullPointerException: Cannot invoke "net.serenitybdd.core.pages.WebElementFacade.sendKeys(java.lang.CharSequence[])" because "this.userName" is null
	at pages.Login.sendData(Login.java:14)
	at pages.Login$ByteBuddy$gyiLnueb.sendData$accessor$xRDvxDTS(Unknown Source)
	at java.base/jdk.internal.reflect.NativeMethodAccessorImpl.invoke0(Native Method)
	at java.base/jdk.internal.reflect.NativeMethodAccessorImpl.invoke(NativeMethodAccessorImpl.java:77)
	at java.base/jdk.internal.reflect.DelegatingMethodAccessorImpl.invoke(DelegatingMethodAccessorImpl.java:43)
	at java.base/java.lang.reflect.Method.invoke(Method.java:568)
	at net.thucydides.core.steps.BaseMethodRunner.invokeMethod(BaseMethodRunner.java:18)
	at net.thucydides.core.steps.NormalMethodRunner.invokeMethodAndNotifyFailures(NormalMethodRunner.java:18)
	at net.thucydides.core.steps.StepInterceptor.runNormalMethod(StepInterceptor.java:425)
	at net.thucydides.core.steps.StepInterceptor.testStepResult(StepInterceptor.java:200)
	at net.thucydides.core.steps.StepInterceptor.intercept(StepInterceptor.java:93)
	at net.thucydides.core.steps.ProxyConfiguration$InterceptorDispatcher.intercept(ProxyConfiguration.java:51)
	at pages.Login$ByteBuddy$gyiLnueb.sendData(Unknown Source)
	at stepDefination.loginStepDefination.Enter_Creds(loginStepDefination.java:41)
	at âœ½.Enter Creds(file:///C:/Users/Mayank%20Arora/eclipse-workspace/Serenity-bdd/src/test/resources/features/login.feature:8)
&amp#27;[0m
  &amp#27;[36mThen &amp#27;[0m&amp#27;[36mVerify Dasboard page&amp#27;[0m        &amp#27;[90m# stepDefination.loginStepDefination.Verify_Dasboard_page()&amp#27;[0m
]]></system-out>
    <system-err><![CDATA[SLF4J(W): No SLF4J providers were found.
SLF4J(W): Defaulting to no-operation (NOP) logger implementation
SLF4J(W): See https://www.slf4j.org/codes.html#noProviders for further details.
SLF4J(W): Class path contains SLF4J bindings targeting slf4j-api versions 1.7.x or earlier.
SLF4J(W): Ignoring binding found at [jar:file:/C:/Users/Mayank%20Arora/.m2/repository/org/apache/logging/log4j/log4j-slf4j-impl/2.23.1/log4j-slf4j-impl-2.23.1.jar!/org/slf4j/impl/StaticLoggerBinder.class]
SLF4J(W): See https://www.slf4j.org/codes.html#ignoredBindings for an explanation.
Jul 03, 2024 4:33:43 PM org.openqa.selenium.devtools.CdpVersionFinder findNearestMatch
WARNING: Unable to find an exact match for CDP version 126, returning the closest version; found: 125; Please update to a Selenium version that supports CDP version 126
]]></system-err>
  </testcase>
</testsuite>